Removed Member From Class: ClassName=io Member=bt1
Added Component: Designator=bt_1(bluetoothSerial_header)
Added Component: Designator=R1(AXIAL-0.3)
Added Component: Designator=R2(AXIAL-0.3)
Added Pin To Net: NetName=+3V3 Pin=arduino_socket_1-3.3V
Added Pin To Net: NetName=+3V3 Pin=lcd_1-LED
Added Net: Name=+3V3
Added Pin To Net: NetName=+5V Pin=analog_1-6
Added Pin To Net: NetName=+5V Pin=analog_1-9
Added Pin To Net: NetName=+5V Pin=analog_2-6
Added Pin To Net: NetName=+5V Pin=analog_2-9
Added Pin To Net: NetName=+5V Pin=arduino_socket_1-5V
Added Pin To Net: NetName=+5V Pin=bt_1-VCC_BT
Added Pin To Net: NetName=+5V Pin=lcd_1-VCC
Added Net: Name=+5V
Added Pin To Net: NetName=AD0 Pin=analog_1-8
Added Pin To Net: NetName=AD0 Pin=arduino_socket_1-A0
Added Net: Name=AD0
Added Pin To Net: NetName=AD1 Pin=analog_1-5
Added Pin To Net: NetName=AD1 Pin=arduino_socket_1-A1
Added Net: Name=AD1
Added Pin To Net: NetName=AD2 Pin=analog_2-8
Added Pin To Net: NetName=AD2 Pin=arduino_socket_1-A2
Added Net: Name=AD2
Added Pin To Net: NetName=AD3 Pin=analog_2-5
Added Pin To Net: NetName=AD3 Pin=arduino_socket_1-A3
Added Net: Name=AD3
Added Pin To Net: NetName=AD4/SDA Pin=arduino_socket_1-SDA1
Added Net: Name=AD4/SDA
Added Pin To Net: NetName=AD5/SCL Pin=arduino_socket_1-SCL1
Added Net: Name=AD5/SCL
Added Pin To Net: NetName=AD12 Pin=arduino_socket_1-A12
Added Net: Name=AD12
Added Pin To Net: NetName=AD13 Pin=arduino_socket_1-A13
Added Net: Name=AD13
Added Pin To Net: NetName=AD14 Pin=arduino_socket_1-A14
Added Net: Name=AD14
Added Pin To Net: NetName=AD15 Pin=arduino_socket_1-A15
Added Net: Name=AD15
Added Pin To Net: NetName=AREF Pin=arduino_socket_1-AREF
Added Net: Name=AREF
Added Pin To Net: NetName=GND Pin=1-3
Added Pin To Net: NetName=GND Pin=1-4
Added Pin To Net: NetName=GND Pin=2-3
Added Pin To Net: NetName=GND Pin=2-4
Added Pin To Net: NetName=GND Pin=3-3
Added Pin To Net: NetName=GND Pin=3-4
Added Pin To Net: NetName=GND Pin=4-3
Added Pin To Net: NetName=GND Pin=4-4
Added Pin To Net: NetName=GND Pin=5-3
Added Pin To Net: NetName=GND Pin=5-4
Added Pin To Net: NetName=GND Pin=6-3
Added Pin To Net: NetName=GND Pin=6-4
Added Pin To Net: NetName=GND Pin=7-3
Added Pin To Net: NetName=GND Pin=7-4
Added Pin To Net: NetName=GND Pin=8-3
Added Pin To Net: NetName=GND Pin=8-4
Added Pin To Net: NetName=GND Pin=analog_1-4
Added Pin To Net: NetName=GND Pin=analog_1-7
Added Pin To Net: NetName=GND Pin=analog_1-12
Added Pin To Net: NetName=GND Pin=analog_1-13
Added Pin To Net: NetName=GND Pin=analog_2-4
Added Pin To Net: NetName=GND Pin=analog_2-7
Added Pin To Net: NetName=GND Pin=analog_2-12
Added Pin To Net: NetName=GND Pin=analog_2-13
Added Pin To Net: NetName=GND Pin=arduino_socket_1-GND1
Added Pin To Net: NetName=GND Pin=arduino_socket_1-GND2
Added Pin To Net: NetName=GND Pin=arduino_socket_1-GND3
Added Pin To Net: NetName=GND Pin=arduino_socket_1-GND4
Added Pin To Net: NetName=GND Pin=bt_1-GND_BT
Added Pin To Net: NetName=GND Pin=buzzer_1-1
Added Pin To Net: NetName=GND Pin=lcd_1-GND
Added Pin To Net: NetName=GND Pin=R2-1
Added Pin To Net: NetName=GND Pin=select-3
Added Pin To Net: NetName=GND Pin=select-4
Added Pin To Net: NetName=GND Pin=start-3
Added Pin To Net: NetName=GND Pin=start-4
Added Net: Name=GND
Added Pin To Net: NetName=IO8 Pin=arduino_socket_1-8
Added Pin To Net: NetName=IO8 Pin=lcd_1-CS
Added Net: Name=IO8
Added Pin To Net: NetName=IO9 Pin=arduino_socket_1-9
Added Pin To Net: NetName=IO9 Pin=lcd_1-RESET
Added Net: Name=IO9
Added Pin To Net: NetName=IO10 Pin=lcd_1-DC
Added Net: Name=IO10
Added Pin To Net: NetName=IO11 Pin=lcd_1-MOSI_SDI
Added Net: Name=IO11
Added Pin To Net: NetName=IO12 Pin=lcd_1-MISO_SDO
Added Net: Name=IO12
Added Pin To Net: NetName=IO13 Pin=lcd_1-SCK
Added Net: Name=IO13
Added Pin To Net: NetName=IO14 Pin=1-1
Added Pin To Net: NetName=IO14 Pin=1-2
Added Pin To Net: NetName=IO14 Pin=arduino_socket_1-14
Added Net: Name=IO14
Added Pin To Net: NetName=IO15 Pin=2-1
Added Pin To Net: NetName=IO15 Pin=2-2
Added Pin To Net: NetName=IO15 Pin=arduino_socket_1-15
Added Net: Name=IO15
Added Pin To Net: NetName=IO16 Pin=3-1
Added Pin To Net: NetName=IO16 Pin=3-2
Added Pin To Net: NetName=IO16 Pin=arduino_socket_1-16
Added Net: Name=IO16
Added Pin To Net: NetName=IO17 Pin=4-1
Added Pin To Net: NetName=IO17 Pin=4-2
Added Pin To Net: NetName=IO17 Pin=arduino_socket_1-17
Added Net: Name=IO17
Added Pin To Net: NetName=IO18 Pin=5-1
Added Pin To Net: NetName=IO18 Pin=5-2
Added Pin To Net: NetName=IO18 Pin=arduino_socket_1-18
Added Net: Name=IO18
Added Pin To Net: NetName=IO19 Pin=6-1
Added Pin To Net: NetName=IO19 Pin=6-2
Added Pin To Net: NetName=IO19 Pin=arduino_socket_1-19
Added Net: Name=IO19
Added Pin To Net: NetName=IO20 Pin=7-1
Added Pin To Net: NetName=IO20 Pin=7-2
Added Pin To Net: NetName=IO20 Pin=arduino_socket_1-20
Added Net: Name=IO20
Added Pin To Net: NetName=IO21 Pin=8-1
Added Pin To Net: NetName=IO21 Pin=8-2
Added Pin To Net: NetName=IO21 Pin=arduino_socket_1-21
Added Net: Name=IO21
Added Pin To Net: NetName=IO22 Pin=arduino_socket_1-22
Added Pin To Net: NetName=IO22 Pin=start-1
Added Pin To Net: NetName=IO22 Pin=start-2
Added Net: Name=IO22
Added Pin To Net: NetName=IO23 Pin=arduino_socket_1-23
Added Pin To Net: NetName=IO23 Pin=select-1
Added Pin To Net: NetName=IO23 Pin=select-2
Added Net: Name=IO23
Added Pin To Net: NetName=IO24 Pin=analog_1-10
Added Pin To Net: NetName=IO24 Pin=analog_1-11
Added Pin To Net: NetName=IO24 Pin=arduino_socket_1-24
Added Net: Name=IO24
Added Pin To Net: NetName=IO25 Pin=analog_2-10
Added Pin To Net: NetName=IO25 Pin=analog_2-11
Added Pin To Net: NetName=IO25 Pin=arduino_socket_1-25
Added Net: Name=IO25
Added Pin To Net: NetName=IO26 Pin=arduino_socket_1-26
Added Pin To Net: NetName=IO26 Pin=buzzer_1-2
Added Net: Name=IO26
Added Pin To Net: NetName=IO27 Pin=arduino_socket_1-27
Added Net: Name=IO27
Added Pin To Net: NetName=IO28 Pin=arduino_socket_1-28
Added Net: Name=IO28
Added Pin To Net: NetName=IO29 Pin=arduino_socket_1-29
Added Net: Name=IO29
Added Pin To Net: NetName=IO46 Pin=arduino_socket_1-46
Added Net: Name=IO46
Added Pin To Net: NetName=IO47 Pin=arduino_socket_1-47
Added Net: Name=IO47
Added Pin To Net: NetName=IO48 Pin=arduino_socket_1-48
Added Pin To Net: NetName=IO48 Pin=lcd_1-cs_sd
Added Net: Name=IO48
Added Pin To Net: NetName=IO49 Pin=arduino_socket_1-49
Added Net: Name=IO49
Added Pin To Net: NetName=IO50 Pin=arduino_socket_1-50
Added Pin To Net: NetName=IO50 Pin=lcd_1-miso_sd
Added Net: Name=IO50
Added Pin To Net: NetName=IO51 Pin=arduino_socket_1-51
Added Pin To Net: NetName=IO51 Pin=lcd_1-mosi_sd
Added Net: Name=IO51
Added Pin To Net: NetName=IO52 Pin=arduino_socket_1-52
Added Pin To Net: NetName=IO52 Pin=lcd_1-sck_sd
Added Net: Name=IO52
Added Pin To Net: NetName=IO53 Pin=arduino_socket_1-53
Added Net: Name=IO53
Added Pin To Net: NetName=MISO/IO12 Pin=arduino_socket_1-12
Added Net: Name=MISO/IO12
Added Pin To Net: NetName=MOSI/IO11 Pin=arduino_socket_1-11
Added Net: Name=MOSI/IO11
Added Pin To Net: NetName=Netbt_1_RX_BT Pin=bt_1-RX_BT
Added Pin To Net: NetName=Netbt_1_RX_BT Pin=R1-1
Added Pin To Net: NetName=Netbt_1_RX_BT Pin=R2-2
Added Net: Name=Netbt_1_RX_BT
Added Pin To Net: NetName=RESET Pin=arduino_socket_1-RESET
Added Net: Name=RESET
Added Pin To Net: NetName=RX/IO0 Pin=arduino_socket_1-0
Added Pin To Net: NetName=RX/IO0 Pin=bt_1-TX_BT
Added Net: Name=RX/IO0
Added Pin To Net: NetName=SCK/IO13 Pin=arduino_socket_1-13
Added Net: Name=SCK/IO13
Added Pin To Net: NetName=SS/IO10 Pin=arduino_socket_1-10
Added Net: Name=SS/IO10
Added Pin To Net: NetName=TX/IO1 Pin=arduino_socket_1-1
Added Pin To Net: NetName=TX/IO1 Pin=R1-2
Added Net: Name=TX/IO1
Added Pin To Net: NetName=VIN Pin=arduino_socket_1-Vin
Added Net: Name=VIN
Added Member To Class: ClassName=io Member=Component bt_1 bluetoothSerial_1
Added Member To Class: ClassName=io Member=Component R1 Res1
Added Member To Class: ClassName=io Member=Component R2 Res1
Added Room: Name=io
