Added Component: Designator=asm1117(sot223_plasticPackage)
Added Component: Designator=C1(capaEletrolitic_100uF_25v_smd)
Added Component: Designator=C2(capaEletrolitic_100uF_25v_smd)
Added Component: Designator=C?(C0805)
Added Component: Designator=C_power_1(capaEletrolitic_100uF_25v_smd)
Added Component: Designator=C_power_2(capaEletrolitic_100uF_25v_smd)
Added Component: Designator=switch_ON_OFF(PCBComponent_1)
Added Pin To Net: NetName=GND Pin=asm1117-1
Added Pin To Net: NetName=VCC Pin=asm1117-2
Added Pin To Net: NetName=VCC Pin=C1-1
Added Pin To Net: NetName=GND Pin=C1-2
Added Pin To Net: NetName=GND Pin=C2-2
Added Pin To Net: NetName=GND Pin=power_1-2
Added Pin To Net: NetName=Netasm1117_3 Pin=asm1117-3
Added Pin To Net: NetName=Netasm1117_3 Pin=C2-1
Added Pin To Net: NetName=Netasm1117_3 Pin=power_1-4
Added Net: Name=Netasm1117_3
Added Member To Class: ClassName=io Member=Component asm1117 Component_1
Added Member To Class: ClassName=io Member=Component C1 Cap2
Added Member To Class: ClassName=io Member=Component C2 Cap2
Added Member To Class: ClassName=io Member=Component C? Cap Pol3
Added Member To Class: ClassName=io Member=Component C_power_1 Cap Pol3
Added Member To Class: ClassName=io Member=Component C_power_2 Cap Pol3
Added Member To Class: ClassName=io Member=Component switch_ON_OFF switch_ON_OFF_1
Added Room: Name=io
