Removed Pin From Net: NetName=IO14 Pin=1-1
Removed Pin From Net: NetName=IO14 Pin=1-2
Removed Pin From Net: NetName=IO15 Pin=2-1
Removed Pin From Net: NetName=IO15 Pin=2-2
Removed Pin From Net: NetName=IO16 Pin=3-1
Removed Pin From Net: NetName=IO16 Pin=3-2
Removed Pin From Net: NetName=IO17 Pin=4-1
Removed Pin From Net: NetName=IO17 Pin=4-2
Removed Pin From Net: NetName=IO10 Pin=arduino_socket_1-10
Removed Pin From Net: NetName=IO11 Pin=arduino_socket_1-11
Removed Pin From Net: NetName=IO12 Pin=arduino_socket_1-12
Removed Pin From Net: NetName=IO13 Pin=arduino_socket_1-13
Added Pin To Net: NetName=IO51 Pin=1-1
Added Pin To Net: NetName=IO51 Pin=1-2
Added Pin To Net: NetName=IO53 Pin=2-1
Added Pin To Net: NetName=IO53 Pin=2-2
Added Pin To Net: NetName=IO50 Pin=3-1
Added Pin To Net: NetName=IO50 Pin=3-2
Added Pin To Net: NetName=IO52 Pin=4-1
Added Pin To Net: NetName=IO52 Pin=4-2
Added Pin To Net: NetName=SS/IO10 Pin=arduino_socket_1-10
Added Pin To Net: NetName=MOSI/IO11 Pin=arduino_socket_1-11
Added Pin To Net: NetName=MISO/IO12 Pin=arduino_socket_1-12
Added Pin To Net: NetName=SCK/IO13 Pin=arduino_socket_1-13
Added Member To Class: ClassName=io Member=Component buzzer_1 buzzer_sch_1
Added Room: Name=io
